<?xml version="1.0" encoding="UTF-8"?>
<robot generator="Robot 7.4.2 (Python 3.13.14 on darwin)" generated="2026-07-01T14:16:25.753485" rpa="false" schemaversion="5">
<suite id="s1" name="TC002" source="/Users/doppio/assignment/Testcases/TC002.robot">
<test id="s1-t1" name="TC002 - แบ่ง feature" line="6">
<kw name="Open website" owner="common">
<kw name="New Browser" owner="Browser">
<msg time="2026-07-01T14:16:25.864181" level="INFO">{"browser": "chromium", "headless": false, "chromiumSandbox": false, "devtools": false, "handleSIGHUP": true, "handleSIGINT": true, "handleSIGTERM": true, "slowMo": 0.0, "timeout": 20000.0, "tracesDir": "/Users/doppio/assignment/Testcases/tracing/browser/traces/temp/d650c201-a1e4-4152-b689-c6771a410f1e"}</msg>
<msg time="2026-07-01T14:16:25.926896" level="INFO">Starting Browser process /Library/Frameworks/Python.framework/Versions/3.13/lib/python3.13/site-packages/Browser/wrapper/index.js using at 127.0.0.1:55935</msg>
<msg time="2026-07-01T14:16:27.844667" level="INFO">Successfully created browser with options: {"browser":"chromium","headless":false,"chromiumSandbox":false,"devtools":false,"handleSIGHUP":true,"handleSIGINT":true,"handleSIGTERM":true,"slowMo":0,"timeout":20000,"tracesDir":"/Users/doppio/assignment/Testcases/tracing/browser/traces/temp/d650c201-a1e4-4152-b689-c6771a410f1e"}</msg>
<arg>browser=chromium</arg>
<arg>headless=false</arg>
<arg>timeout=${TIMEOUT}</arg>
<tag>BrowserControl</tag>
<tag>Setter</tag>
<doc>Create a new playwright Browser with specified options.</doc>
<status status="PASS" start="2026-07-01T14:16:25.863845" elapsed="1.980995"/>
</kw>
<kw name="New Context" owner="Browser">
<msg time="2026-07-01T14:16:27.846583" level="INFO">{
  "acceptDownloads": true,
  "bypassCSP": false,
  "forcedColors": "none",
  "ignoreHTTPSErrors": false,
  "javaScriptEnabled": true,
  "offline": false,
  "reducedMotion": "no-preference",
  "serviceWorkers": "allow",
  "tracing": true,
  "viewport": {
    "width": 1280,
    "height": 720
  }
}</msg>
<msg time="2026-07-01T14:16:27.857325" level="INFO">Successfully created context and trace file will be saved to: /Users/doppio/assignment/Testcases/tracing/browser/traces/trace_context=2f9f1aef-b546-4290-ab58-67057c239947.zip</msg>
<msg time="2026-07-01T14:16:27.857372" level="INFO">{'acceptDownloads': True, 'bypassCSP': False, 'forcedColors': 'none', 'ignoreHTTPSErrors': False, 'javaScriptEnabled': True, 'offline': False, 'reducedMotion': 'no-preference', 'serviceWorkers': 'allow', 'tracing': True, 'viewport': {'width': 1280, 'height': 720}, 'trace': {'screenshots': True, 'snapshots': True}}</msg>
<arg>tracing=true</arg>
<tag>BrowserControl</tag>
<tag>Setter</tag>
<doc>Create a new BrowserContext with specified options.</doc>
<status status="PASS" start="2026-07-01T14:16:27.845064" elapsed="0.012351"/>
</kw>
<kw name="New Page" owner="Browser">
<msg time="2026-07-01T14:16:28.558704" level="INFO">Successfully initialized new page object and opened url: http://192.8.8.236:5173</msg>
<arg>url=${BASE_URL}</arg>
<tag>BrowserControl</tag>
<tag>Setter</tag>
<doc>Open a new Page.</doc>
<status status="PASS" start="2026-07-01T14:16:27.858474" elapsed="0.700672"/>
</kw>
<doc>เปิด Browser Chromium แบบ headless=false
สร้าง Browser Context พร้อมเปิด Tracing
เปิดหน้าเว็บ Doppee Shop ตามค่า http://192.8.8.236:5173</doc>
<status status="PASS" start="2026-07-01T14:16:25.863601" elapsed="2.698352"/>
</kw>
<kw name="Handle random popup" owner="common">
<kw name="Run Keyword And Return Status" owner="BuiltIn">
<kw name="Wait For Elements State" owner="Browser">
<msg time="2026-07-01T14:16:29.187075" level="INFO" html="true">&lt;/td&gt;&lt;/tr&gt;&lt;tr&gt;&lt;td colspan="3"&gt;&lt;a href="browser/screenshot/fail-screenshot-1.png" target="_blank"&gt;&lt;img src="browser/screenshot/fail-screenshot-1.png" width="800px"/&gt;&lt;/a&gt;</msg>
<msg time="2026-07-01T14:16:29.187163" level="INFO">See also file:///Users/doppio/assignment/Testcases/tracing/playwright-log.txt for additional details.</msg>
<msg time="2026-07-01T14:16:29.187396" level="FAIL">TimeoutError: locator.waitFor: Timeout 500ms exceeded.
Call log:
  - waiting for locator('[aria-label="Close popup"]') to be visible
</msg>
<arg>selector=${common_locator.btn_close}</arg>
<arg>state=visible</arg>
<arg>timeout=500ms</arg>
<tag>PageContent</tag>
<tag>Wait</tag>
<doc>Waits for the element found by ``selector`` to satisfy state option.</doc>
<status status="FAIL" start="2026-07-01T14:16:28.567236" elapsed="0.623915">TimeoutError: locator.waitFor: Timeout 500ms exceeded.
Call log:
  - waiting for locator('[aria-label="Close popup"]') to be visible
</status>
</kw>
<msg time="2026-07-01T14:16:29.192659" level="INFO">${popup_visible} = False</msg>
<var>${popup_visible}</var>
<arg>Browser.Wait for elements state</arg>
<arg>selector=${common_locator.btn_close}</arg>
<arg>state=visible</arg>
<arg>timeout=500ms</arg>
<doc>Runs the specified keyword and returns the status as a Boolean value.</doc>
<status status="PASS" start="2026-07-01T14:16:28.565919" elapsed="0.626759"/>
</kw>
<if>
<branch type="IF" condition="${popup_visible}">
<kw name="Click" owner="Browser">
<arg>selector=${common_locator.btn_close}</arg>
<tag>PageContent</tag>
<tag>Setter</tag>
<doc>Simulates mouse click on the element found by ``selector``.</doc>
<status status="NOT RUN" start="2026-07-01T14:16:29.194354" elapsed="0.000681"/>
</kw>
<status status="NOT RUN" start="2026-07-01T14:16:29.193444" elapsed="0.002163"/>
</branch>
<status status="PASS" start="2026-07-01T14:16:29.193422" elapsed="0.002734"/>
</if>
<doc>ปิด Popup แบบสุ่มที่จะปรากฎบนหน้าจอ</doc>
<status status="PASS" start="2026-07-01T14:16:28.564517" elapsed="0.631674"/>
</kw>
<kw name="Click icon profile" owner="navigatebar_page">
<kw name="Handle random popup" owner="common">
<kw name="Run Keyword And Return Status" owner="BuiltIn">
<kw name="Wait For Elements State" owner="Browser">
<msg time="2026-07-01T14:16:29.809739" level="INFO" html="true">&lt;/td&gt;&lt;/tr&gt;&lt;tr&gt;&lt;td colspan="3"&gt;&lt;a href="browser/screenshot/fail-screenshot-2.png" target="_blank"&gt;&lt;img src="browser/screenshot/fail-screenshot-2.png" width="800px"/&gt;&lt;/a&gt;</msg>
<msg time="2026-07-01T14:16:29.809800" level="INFO">See also file:///Users/doppio/assignment/Testcases/tracing/playwright-log.txt for additional details.</msg>
<msg time="2026-07-01T14:16:29.809860" level="FAIL">TimeoutError: locator.waitFor: Timeout 500ms exceeded.
Call log:
  - waiting for locator('[aria-label="Close popup"]') to be visible
</msg>
<arg>selector=${common_locator.btn_close}</arg>
<arg>state=visible</arg>
<arg>timeout=500ms</arg>
<tag>PageContent</tag>
<tag>Wait</tag>
<doc>Waits for the element found by ``selector`` to satisfy state option.</doc>
<status status="FAIL" start="2026-07-01T14:16:29.199848" elapsed="0.610641">TimeoutError: locator.waitFor: Timeout 500ms exceeded.
Call log:
  - waiting for locator('[aria-label="Close popup"]') to be visible
</status>
</kw>
<msg time="2026-07-01T14:16:29.811496" level="INFO">${popup_visible} = False</msg>
<var>${popup_visible}</var>
<arg>Browser.Wait for elements state</arg>
<arg>selector=${common_locator.btn_close}</arg>
<arg>state=visible</arg>
<arg>timeout=500ms</arg>
<doc>Runs the specified keyword and returns the status as a Boolean value.</doc>
<status status="PASS" start="2026-07-01T14:16:29.199046" elapsed="0.612464"/>
</kw>
<if>
<branch type="IF" condition="${popup_visible}">
<kw name="Click" owner="Browser">
<arg>selector=${common_locator.btn_close}</arg>
<tag>PageContent</tag>
<tag>Setter</tag>
<doc>Simulates mouse click on the element found by ``selector``.</doc>
<status status="NOT RUN" start="2026-07-01T14:16:29.812973" elapsed="0.000667"/>
</kw>
<status status="NOT RUN" start="2026-07-01T14:16:29.812243" elapsed="0.001941"/>
</branch>
<status status="PASS" start="2026-07-01T14:16:29.812226" elapsed="0.002476"/>
</if>
<doc>ปิด Popup แบบสุ่มที่จะปรากฎบนหน้าจอ</doc>
<status status="PASS" start="2026-07-01T14:16:29.198063" elapsed="0.616668"/>
</kw>
<kw name="Click" owner="Browser">
<msg time="2026-07-01T14:16:29.816118" level="INFO">Clicks the element 'css=[id^="btn-account"]'.</msg>
<arg>selector=${navigatebar_locator.btn_account}</arg>
<tag>PageContent</tag>
<tag>Setter</tag>
<doc>Simulates mouse click on the element found by ``selector``.</doc>
<status status="PASS" start="2026-07-01T14:16:29.815319" elapsed="0.034510"/>
</kw>
<doc>สำหรับกด icon user บน navigate bar</doc>
<status status="PASS" start="2026-07-01T14:16:29.196988" elapsed="0.653679"/>
</kw>
<kw name="Click menu sign in" owner="navigatebar_page">
<kw name="Click" owner="Browser">
<msg time="2026-07-01T14:16:29.853065" level="INFO">Clicks the element 'css=[href="/signin"]'.</msg>
<arg>selector=${navigatebar_locator.btn_signin}</arg>
<tag>PageContent</tag>
<tag>Setter</tag>
<doc>Simulates mouse click on the element found by ``selector``.</doc>
<status status="PASS" start="2026-07-01T14:16:29.852261" elapsed="0.133491"/>
</kw>
<kw name="Wait For Load State" owner="Browser">
<msg time="2026-07-01T14:16:29.987541" level="INFO">Waiting page load to state to receive networkidle in 20000.0</msg>
<msg time="2026-07-01T14:16:33.737108" level="INFO">Keyword 'Take Screenshot  fail-screenshot-{index}' could not be run on failure:
Error: Tried to take screenshot, but no page was open.</msg>
<msg time="2026-07-01T14:16:33.737337" level="INFO">See also file:///Users/doppio/assignment/Testcases/tracing/playwright-log.txt for additional details.</msg>
<msg time="2026-07-01T14:16:33.737442" level="FAIL">Execution terminated by signal</msg>
<arg>state=networkidle</arg>
<arg>timeout=${TIMEOUT}</arg>
<tag>PageContent</tag>
<tag>Wait</tag>
<doc>Waits that the page reaches the required load state.</doc>
<status status="FAIL" start="2026-07-01T14:16:29.986682" elapsed="3.752445">Execution terminated by signal</status>
</kw>
<doc>สำหรับกดเมนู sign in</doc>
<status status="FAIL" start="2026-07-01T14:16:29.851503" elapsed="3.895263">Execution terminated by signal</status>
</kw>
<kw name="Click create account on signin page" owner="signin_page">
<status status="NOT RUN" start="2026-07-01T14:16:33.748499" elapsed="0.006572"/>
</kw>
<kw name="Click create account button" owner="signup_page">
<doc>สำหรับกดปุ่ม create account เพื่อไปยังหน้าสร้างบัญชี</doc>
<status status="NOT RUN" start="2026-07-01T14:16:33.760295" elapsed="0.003918"/>
</kw>
<kw name="Create account" owner="signup_feature">
<var>${email}</var>
<arg>email=RANDOM</arg>
<arg>fullname=cake</arg>
<arg>phone_number=0987654321</arg>
<arg>password=Ab123456</arg>
<status status="NOT RUN" start="2026-07-01T14:16:33.768407" elapsed="0.002640"/>
</kw>
<kw name="Verify login success after create account" owner="navigatebar_page">
<arg>email=${email}</arg>
<doc>สำหรับตรวจสอบว่าหลังจากสมัครบัญชีแล้ว ระบบทำการเข้าสู่ระบบให้อัติโนมัติ
Arguments
    - ${email} ค่าของ email ที่ต้องการตรวจสอบ เป็น email ที่เพิ่งสมัครบัญชี</doc>
<status status="NOT RUN" start="2026-07-01T14:16:33.772327" elapsed="0.001042"/>
</kw>
<kw name="Click icon profile" owner="navigatebar_page">
<doc>สำหรับกด icon user บน navigate bar</doc>
<status status="NOT RUN" start="2026-07-01T14:16:33.775739" elapsed="0.002798"/>
</kw>
<kw name="Click menu profile" owner="navigatebar_page">
<doc>สำหรับกดเมนู profile</doc>
<status status="NOT RUN" start="2026-07-01T14:16:33.779801" elapsed="0.000923"/>
</kw>
<kw name="Upload image" owner="profile_page">
<doc>สำหรับการอัพโหลดรูปโปรไฟล์
    - ${img_path} path ของรูปที่อยู่บนเครื่อง</doc>
<status status="NOT RUN" start="2026-07-01T14:16:33.782233" elapsed="0.007381"/>
</kw>
<kw name="Verify upload image is success" owner="profile_page">
<doc>สำหรับตรวจสอบว่าอัพโหลดรูปภาพสำเร็จแล้ว จากข้อความใน ${profile_locator.lbl_upload_img} ที่ปรากฎบนหน้าจอ</doc>
<status status="NOT RUN" start="2026-07-01T14:16:33.797122" elapsed="0.003592"/>
</kw>
<kw name="Click logo doppee shop" owner="navigatebar_page">
<doc>สำหรับกดโลโก้ Doopee Shop</doc>
<status status="NOT RUN" start="2026-07-01T14:16:33.802746" elapsed="0.001923"/>
</kw>
<kw name="Fill email to subscribe" owner="home_page">
<arg>email=${email}</arg>
<doc>สำหรับการกรอก email ในช่อง Get exclusive deals
Arguments
    - ${email} ค่าของ email ที่ต้องการกรอก</doc>
<status status="NOT RUN" start="2026-07-01T14:16:33.805936" elapsed="0.004935"/>
</kw>
<kw name="Click subscribe button" owner="home_page">
<doc>สำหรับการกดปุ่ม Subscibe</doc>
<status status="NOT RUN" start="2026-07-01T14:16:33.811075" elapsed="0.000098"/>
</kw>
<kw name="Verify subscribe is success" owner="home_page">
<arg>email=${email}</arg>
<doc>สำหรับตรวจข้อความขอบคุณ ว่าแสดง email ที่กรอกหรือไม่
Arguments
    - ${email} ค่าของ email ที่ต้องการกรอก</doc>
<status status="NOT RUN" start="2026-07-01T14:16:33.811641" elapsed="0.000039"/>
</kw>
<kw name="CLick to view all products" owner="home_page">
<doc>สำหรับกดปุ่ม View all ในหน้า Home เพื่อไปยังหน้า Product list page</doc>
<status status="NOT RUN" start="2026-07-01T14:16:33.811770" elapsed="0.000030"/>
</kw>
<kw name="Select product by name" owner="product_page">
<arg>product_name=sunglasses</arg>
<doc>สำหรับเลือกสินค้า ตามค่า product_name ที่ส่งเข้ามา
และมีค่า default เป็น sunglasses ตาม Sunglasses หากไม่มีการส่งค่ามาช
Arguments
    - ${product_name} ชื่อของสินค้า</doc>
<status status="NOT RUN" start="2026-07-01T14:16:33.812399" elapsed="0.000025"/>
</kw>
<kw name="Configure products details" owner="product_feature">
<arg>color=Black</arg>
<arg>size=${EMPTY}</arg>
<arg>product_quantity=3</arg>
<status status="NOT RUN" start="2026-07-01T14:16:33.812498" elapsed="0.000021"/>
</kw>
<kw name="Get products value" owner="product_feature">
<var>${subtotal}</var>
<var>${total}</var>
<var>${vat}</var>
<status status="NOT RUN" start="2026-07-01T14:16:33.812593" elapsed="0.000022"/>
</kw>
<kw name="Click Add to Cart" owner="product_detail_page">
<doc>สำหรับกดเพิ่ม สินค้า เข้าตะกร้า</doc>
<status status="NOT RUN" start="2026-07-01T14:16:33.812676" elapsed="0.000019"/>
</kw>
<kw name="Verify quantity in cart badge is displayed as expected" owner="navigatebar_page">
<arg>product_quantity=3</arg>
<doc>สำหรับตรวจสอบจำนวนของในตะกร้าสินค้า</doc>
<status status="NOT RUN" start="2026-07-01T14:16:33.812759" elapsed="0.000020"/>
</kw>
<kw name="Click icon cart" owner="navigatebar_page">
<doc>สำหรับกด icon ตะกร้าสินค้า เพื่อไปยังหน้าตะกร้าสินค้า</doc>
<status status="NOT RUN" start="2026-07-01T14:16:33.812837" elapsed="0.000018"/>
</kw>
<kw name="Click select all products" owner="cart_page">
<doc>สำหรับกด check box &gt; select all เพื่อทำการเลือกสินค้าทั้งหมดในตะกร้า</doc>
<status status="NOT RUN" start="2026-07-01T14:16:33.812914" elapsed="0.000020"/>
</kw>
<kw name="Apply coupon" owner="coupon_feature">
<var>${coupon}</var>
<arg>coupon=WELCOME20</arg>
<doc>สำหรับกดเลือกคูปอง ตามค่าที่ผู้ใช้ระบุ
Arguments
    - ${coupon} โค้ด ของ คูปอง</doc>
<status status="NOT RUN" start="2026-07-01T14:16:33.813271" elapsed="0.000020"/>
</kw>
<kw name="Click apply coupon button" owner="cart_page">
<doc>สำหรับกดปุ่ม Apply เพื่อใช้ coupon ที่เลือก</doc>
<status status="NOT RUN" start="2026-07-01T14:16:33.813395" elapsed="0.000022"/>
</kw>
<kw name="Get coupon discount" owner="cart_page">
<var>${type}</var>
<var>${discount_value}</var>
<arg>coupon=${coupon}</arg>
<doc>สำหรับตรวจสอบประเภทของคูปองส่วนลด และแปลงค่าที่ได้ให้อยู่ในรูปแบบตัวเลข
Arguments
    - ${coupon} ค่าของ coupon ที่เลือก ตัวอย่าง: -THB1,000 / -10%
Return
    - AMOUNT/PERCENT รูปแบบที่ลด
    - ${discount} มูลค่าที่ลด แปลงเป็นจำนวนทศนิยมแล้ว</doc>
<status status="NOT RUN" start="2026-07-01T14:16:33.814048" elapsed="0.000023"/>
</kw>
<kw name="Calculate shipping fee" owner="cart_page">
<var>${shipping_fee}</var>
<arg>subtotal=${subtotal}</arg>
<doc>สำหรับคำนวณค่าส่ง จากราคาของสินค้าทั้งหมด
Arguments
    - ${subtotal} ราคาของสินค้าทั้งหมด
Return
    - ${shipping} ค่าจัดส่ง</doc>
<status status="NOT RUN" start="2026-07-01T14:16:33.814677" elapsed="0.000020"/>
</kw>
<kw name="Calculate discount" owner="cart_page">
<var>${discount_amount}</var>
<arg>type=${type}</arg>
<arg>value=${discount_value}</arg>
<doc>สำหรับคำนวณมูลค่าส่วนลดจากประเภทของคูปอง
Arguments
    - ${type} รูปแบบการลดราคาเป็น AMOUNT/PERCENT
    - ${value} มูลค่าที่จะลดราคาฃอง
Return
    - ${discount} จำนวนเงินส่วนลดที่คำนวณแล้ว</doc>
<status status="NOT RUN" start="2026-07-01T14:16:33.815546" elapsed="0.000025"/>
</kw>
<kw name="Calculate total after discount" owner="cart_page">
<var>${total_calculate}</var>
<arg>subtotal=${subtotal}</arg>
<arg>vat=${vat}</arg>
<arg>shipping=${shipping_fee}</arg>
<arg>discount=${discount_amount}</arg>
<doc>สำหรับคำนวณยอดรวมสุทธิหลังหักส่วนลด
Arguments
    - ${subtotal} ยอดรวมสินค้า
    - ${vat} ภาษีมูลค่าเพิ่ม
    - ${shipping} ค่าจัดส่ง
    - ${discount} ส่วนลดที่คำนวณแล้ว
Return
    - ${amount} ยอดรวมสุทธิ</doc>
<status status="NOT RUN" start="2026-07-01T14:16:33.816969" elapsed="0.000046"/>
</kw>
<kw name="Get total from web display" owner="cart_page">
<var>${total_web}</var>
<doc>สำหรับดึงค่า total ยอดรวมสุทธิที่แสดงบนหน้าจอ
Return
    - ${total} ยอดรวมสุทธิ</doc>
<status status="NOT RUN" start="2026-07-01T14:16:33.817396" elapsed="0.000038"/>
</kw>
<kw name="Compare total from calculate and web" owner="cart_page">
<arg>total_calculate=${total_calculate}</arg>
<arg>total_web=${total_web}</arg>
<doc>สำหรับตรวจสอบยอดรวมสุทธิระหว่าง
total_calculate ค่าที่คาดหวัง
total_web ค่าที่แสดงบนหน้าจอ</doc>
<status status="NOT RUN" start="2026-07-01T14:16:33.817516" elapsed="0.000029"/>
</kw>
<doc>Author : Kornnisa</doc>
<status status="FAIL" start="2026-07-01T14:16:25.863019" elapsed="7.954622">Execution terminated by signal</status>
</test>
<kw name="Close Browser" owner="Browser" type="TEARDOWN">
<msg time="2026-07-01T14:16:33.819558" level="FAIL">ConnectionError: Playwright process has been terminated with code 130</msg>
<tag>BrowserControl</tag>
<tag>Setter</tag>
<doc>Closes the current browser.</doc>
<status status="FAIL" start="2026-07-01T14:16:33.819341" elapsed="0.000721">ConnectionError: Playwright process has been terminated with code 130</status>
</kw>
<status status="FAIL" start="2026-07-01T14:16:25.753919" elapsed="8.066184">Suite teardown failed:
ConnectionError: Playwright process has been terminated with code 130</status>
</suite>
<statistics>
<total>
<stat pass="0" fail="1" skip="0">All Tests</stat>
</total>
<tag>
</tag>
<suite>
<stat name="TC002" id="s1" pass="0" fail="1" skip="0">TC002</stat>
</suite>
</statistics>
<errors>
<msg time="2026-07-01T14:16:25.856727" level="WARN">Imported resource file '/Users/doppio/assignment/resources/locators/product_page_locator.robot' is empty.</msg>
<msg time="2026-07-01T14:16:33.819051" level="ERROR">Calling method '_end_test' of listener 'Browser' failed: ConnectionError: Playwright process has been terminated with code 130</msg>
<msg time="2026-07-01T14:16:33.820443" level="ERROR">Calling method '_end_suite' of listener 'Browser' failed: ConnectionError: Playwright process has been terminated with code 130</msg>
</errors>
</robot>
